<?xml version="1.0" encoding="UTF-8"?>
<coverage generated="1742104491929" clover="3.2.0">
  <project timestamp="1742104491929" name="All files">
    <metrics statements="96" coveredstatements="60" conditionals="44" coveredconditionals="21" methods="24" coveredmethods="19" elements="164" coveredelements="100" complexity="0" loc="96" ncloc="96" packages="2" files="7" classes="7"/>
    <package name="src">
      <metrics statements="62" coveredstatements="26" conditionals="24" coveredconditionals="2" methods="11" coveredmethods="6"/>
      <file name="App.jsx" path="/Users/bhimashankar/Documents/meet-app/src/App.jsx">
        <metrics statements="15" coveredstatements="14" conditionals="2" coveredconditionals="1" methods="4" coveredmethods="3"/>
        <line num="8" count="3" type="stmt"/>
        <line num="9" count="7" type="stmt"/>
        <line num="10" count="6" type="stmt"/>
        <line num="11" count="6" type="stmt"/>
        <line num="12" count="6" type="stmt"/>
        <line num="13" count="6" type="stmt"/>
        <line num="15" count="6" type="stmt"/>
        <line num="16" count="4" type="stmt"/>
        <line num="19" count="6" type="stmt"/>
        <line num="20" count="4" type="stmt"/>
        <line num="21" count="4" type="cond" truecount="1" falsecount="1"/>
        <line num="23" count="0" type="stmt"/>
        <line num="24" count="4" type="stmt"/>
        <line num="25" count="4" type="stmt"/>
        <line num="28" count="6" type="stmt"/>
      </file>
      <file name="api.js" path="/Users/bhimashankar/Documents/meet-app/src/api.js">
        <metrics statements="46" coveredstatements="11" conditionals="22" coveredconditionals="1" methods="7" coveredmethods="3"/>
        <line num="11" count="4" type="stmt"/>
        <line num="12" count="357" type="stmt"/>
        <line num="13" count="7" type="stmt"/>
        <line num="14" count="7" type="stmt"/>
        <line num="17" count="4" type="stmt"/>
        <line num="18" count="0" type="stmt"/>
        <line num="21" count="0" type="stmt"/>
        <line num="22" count="0" type="stmt"/>
        <line num="25" count="4" type="stmt"/>
        <line num="27" count="0" type="cond" truecount="0" falsecount="4"/>
        <line num="28" count="0" type="stmt"/>
        <line num="33" count="0" type="stmt"/>
        <line num="35" count="0" type="stmt"/>
        <line num="36" count="0" type="stmt"/>
        <line num="44" count="4" type="stmt"/>
        <line num="45" count="14" type="cond" truecount="1" falsecount="1"/>
        <line num="46" count="14" type="stmt"/>
        <line num="50" count="0" type="stmt"/>
        <line num="53" count="0" type="cond" truecount="0" falsecount="2"/>
        <line num="54" count="0" type="stmt"/>
        <line num="55" count="0" type="stmt"/>
        <line num="56" count="0" type="stmt"/>
        <line num="57" count="0" type="stmt"/>
        <line num="58" count="0" type="cond" truecount="0" falsecount="2"/>
        <line num="59" count="0" type="stmt"/>
        <line num="60" count="0" type="stmt"/>
        <line num="64" count="4" type="stmt"/>
        <line num="65" count="0" type="stmt"/>
        <line num="66" count="0" type="stmt"/>
        <line num="69" count="0" type="stmt"/>
        <line num="70" count="0" type="cond" truecount="0" falsecount="2"/>
        <line num="73" count="0" type="stmt"/>
        <line num="76" count="4" type="stmt"/>
        <line num="77" count="0" type="stmt"/>
        <line num="79" count="0" type="cond" truecount="0" falsecount="2"/>
        <line num="81" count="0" type="cond" truecount="0" falsecount="4"/>
        <line num="82" count="0" type="stmt"/>
        <line num="83" count="0" type="stmt"/>
        <line num="84" count="0" type="stmt"/>
        <line num="85" count="0" type="cond" truecount="0" falsecount="2"/>
        <line num="86" count="0" type="stmt"/>
        <line num="87" count="0" type="stmt"/>
        <line num="88" count="0" type="stmt"/>
        <line num="89" count="0" type="stmt"/>
        <line num="91" count="0" type="cond" truecount="0" falsecount="2"/>
        <line num="93" count="0" type="stmt"/>
      </file>
      <file name="mock-data.js" path="/Users/bhimashankar/Documents/meet-app/src/mock-data.js">
        <metrics statements="1" coveredstatements="1" conditionals="0" coveredconditionals="0" methods="0" coveredmethods="0"/>
        <line num="1" count="4" type="stmt"/>
      </file>
    </package>
    <package name="src.components">
      <metrics statements="34" coveredstatements="34" conditionals="20" coveredconditionals="19" methods="13" coveredmethods="13"/>
      <file name="CitySearch.jsx" path="/Users/bhimashankar/Documents/meet-app/src/components/CitySearch.jsx">
        <metrics statements="20" coveredstatements="20" conditionals="4" coveredconditionals="3" methods="7" coveredmethods="7"/>
        <line num="4" count="3" type="stmt"/>
        <line num="5" count="43" type="stmt"/>
        <line num="6" count="43" type="stmt"/>
        <line num="7" count="43" type="stmt"/>
        <line num="9" count="43" type="stmt"/>
        <line num="10" count="13" type="stmt"/>
        <line num="13" count="43" type="stmt"/>
        <line num="14" count="12" type="stmt"/>
        <line num="15" count="12" type="cond" truecount="1" falsecount="1"/>
        <line num="16" count="156" type="stmt"/>
        <line num="20" count="12" type="stmt"/>
        <line num="21" count="12" type="stmt"/>
        <line num="24" count="43" type="stmt"/>
        <line num="25" count="1" type="stmt"/>
        <line num="26" count="1" type="stmt"/>
        <line num="27" count="1" type="stmt"/>
        <line num="28" count="1" type="stmt"/>
        <line num="31" count="43" type="stmt"/>
        <line num="38" count="4" type="stmt"/>
        <line num="44" count="57" type="stmt"/>
      </file>
      <file name="Event.jsx" path="/Users/bhimashankar/Documents/meet-app/src/components/Event.jsx">
        <metrics statements="4" coveredstatements="4" conditionals="14" coveredconditionals="14" methods="2" coveredmethods="2"/>
        <line num="3" count="4" type="stmt"/>
        <line num="4" count="124" type="stmt"/>
        <line num="5" count="124" type="stmt"/>
        <line num="16" count="3" type="cond" truecount="2" falsecount="0"/>
      </file>
      <file name="EventList.jsx" path="/Users/bhimashankar/Documents/meet-app/src/components/EventList.jsx">
        <metrics statements="3" coveredstatements="3" conditionals="2" coveredconditionals="2" methods="2" coveredmethods="2"/>
        <line num="5" count="4" type="stmt"/>
        <line num="6" count="9" type="stmt"/>
        <line num="8" count="115" type="cond" truecount="2" falsecount="0"/>
      </file>
      <file name="NumberOfEvents.jsx" path="/Users/bhimashankar/Documents/meet-app/src/components/NumberOfEvents.jsx">
        <metrics statements="7" coveredstatements="7" conditionals="0" coveredconditionals="0" methods="2" coveredmethods="2"/>
        <line num="3" count="4" type="stmt"/>
        <line num="4" count="9" type="stmt"/>
        <line num="6" count="9" type="stmt"/>
        <line num="7" count="1" type="stmt"/>
        <line num="8" count="1" type="stmt"/>
        <line num="9" count="1" type="stmt"/>
        <line num="12" count="9" type="stmt"/>
      </file>
    </package>
  </project>
</coverage>
