{"/Users/bhimashankar/Documents/meet-app/src/App.jsx": {"path":"/Users/bhimashankar/Documents/meet-app/src/App.jsx","statementMap":{"0":{"start":{"line":8,"column":12},"end":{"line":35,"column":1}},"1":{"start":{"line":9,"column":38},"end":{"line":9,"column":50}},"2":{"start":{"line":10,"column":30},"end":{"line":10,"column":42}},"3":{"start":{"line":11,"column":38},"end":{"line":11,"column":50}},"4":{"start":{"line":12,"column":42},"end":{"line":12,"column":54}},"5":{"start":{"line":13,"column":40},"end":{"line":13,"column":66}},"6":{"start":{"line":15,"column":2},"end":{"line":17,"column":20}},"7":{"start":{"line":16,"column":4},"end":{"line":16,"column":16}},"8":{"start":{"line":19,"column":20},"end":{"line":26,"column":3}},"9":{"start":{"line":20,"column":22},"end":{"line":20,"column":39}},"10":{"start":{"line":21,"column":27},"end":{"line":23,"column":63}},"11":{"start":{"line":23,"column":32},"end":{"line":23,"column":62}},"12":{"start":{"line":24,"column":4},"end":{"line":24,"column":51}},"13":{"start":{"line":25,"column":4},"end":{"line":25,"column":49}},"14":{"start":{"line":28,"column":1},"end":{"line":34,"column":3}}},"fnMap":{"0":{"name":"(anonymous_0)","decl":{"start":{"line":8,"column":12},"end":{"line":8,"column":13}},"loc":{"start":{"line":8,"column":18},"end":{"line":35,"column":1}},"line":8},"1":{"name":"(anonymous_1)","decl":{"start":{"line":15,"column":12},"end":{"line":15,"column":13}},"loc":{"start":{"line":15,"column":18},"end":{"line":17,"column":3}},"line":15},"2":{"name":"(anonymous_2)","decl":{"start":{"line":19,"column":20},"end":{"line":19,"column":21}},"loc":{"start":{"line":19,"column":32},"end":{"line":26,"column":3}},"line":19},"3":{"name":"(anonymous_3)","decl":{"start":{"line":23,"column":23},"end":{"line":23,"column":24}},"loc":{"start":{"line":23,"column":32},"end":{"line":23,"column":62}},"line":23}},"branchMap":{"0":{"loc":{"start":{"line":21,"column":27},"end":{"line":23,"column":63}},"type":"cond-expr","locations":[{"start":{"line":22,"column":6},"end":{"line":22,"column":15}},{"start":{"line":23,"column":6},"end":{"line":23,"column":63}}],"line":21}},"s":{"0":3,"1":7,"2":6,"3":6,"4":6,"5":6,"6":6,"7":4,"8":6,"9":4,"10":4,"11":0,"12":4,"13":4,"14":6},"f":{"0":7,"1":4,"2":4,"3":0},"b":{"0":[4,0]},"_coverageSchema":"1a1c01bbd47fc00a2c39e90264f33305004495a9","hash":"c9bbc3e2a1d7b8b8151fdc52065ac9c34a7e8315"}
,"/Users/bhimashankar/Documents/meet-app/src/api.js": {"path":"/Users/bhimashankar/Documents/meet-app/src/api.js","statementMap":{"0":{"start":{"line":11,"column":32},"end":{"line":15,"column":1}},"1":{"start":{"line":12,"column":29},"end":{"line":12,"column":66}},"2":{"start":{"line":12,"column":51},"end":{"line":12,"column":65}},"3":{"start":{"line":13,"column":20},"end":{"line":13,"column":52}},"4":{"start":{"line":14,"column":2},"end":{"line":14,"column":19}},"5":{"start":{"line":17,"column":19},"end":{"line":23,"column":2}},"6":{"start":{"line":18,"column":19},"end":{"line":20,"column":3}},"7":{"start":{"line":21,"column":17},"end":{"line":21,"column":38}},"8":{"start":{"line":22,"column":2},"end":{"line":22,"column":16}},"9":{"start":{"line":25,"column":21},"end":{"line":38,"column":2}},"10":{"start":{"line":27,"column":2},"end":{"line":37,"column":3}},"11":{"start":{"line":28,"column":4},"end":{"line":32,"column":31}},"12":{"start":{"line":33,"column":4},"end":{"line":33,"column":45}},"13":{"start":{"line":35,"column":4},"end":{"line":35,"column":68}},"14":{"start":{"line":36,"column":4},"end":{"line":36,"column":45}},"15":{"start":{"line":44,"column":25},"end":{"line":62,"column":1}},"16":{"start":{"line":45,"column":2},"end":{"line":47,"column":3}},"17":{"start":{"line":46,"column":4},"end":{"line":46,"column":20}},"18":{"start":{"line":50,"column":16},"end":{"line":50,"column":38}},"19":{"start":{"line":53,"column":2},"end":{"line":61,"column":3}},"20":{"start":{"line":54,"column":4},"end":{"line":54,"column":18}},"21":{"start":{"line":55,"column":17},"end":{"line":55,"column":61}},"22":{"start":{"line":56,"column":21},"end":{"line":56,"column":37}},"23":{"start":{"line":57,"column":19},"end":{"line":57,"column":40}},"24":{"start":{"line":58,"column":4},"end":{"line":60,"column":23}},"25":{"start":{"line":59,"column":6},"end":{"line":59,"column":27}},"26":{"start":{"line":60,"column":11},"end":{"line":60,"column":23}},"27":{"start":{"line":64,"column":17},"end":{"line":74,"column":2}},"28":{"start":{"line":65,"column":21},"end":{"line":65,"column":45}},"29":{"start":{"line":66,"column":19},"end":{"line":68,"column":3}},"30":{"start":{"line":69,"column":27},"end":{"line":69,"column":48}},"31":{"start":{"line":70,"column":2},"end":{"line":70,"column":69}},"32":{"start":{"line":73,"column":2},"end":{"line":73,"column":22}},"33":{"start":{"line":76,"column":30},"end":{"line":94,"column":1}},"34":{"start":{"line":77,"column":22},"end":{"line":77,"column":58}},"35":{"start":{"line":79,"column":21},"end":{"line":79,"column":67}},"36":{"start":{"line":81,"column":2},"end":{"line":92,"column":3}},"37":{"start":{"line":82,"column":4},"end":{"line":82,"column":50}},"38":{"start":{"line":83,"column":25},"end":{"line":83,"column":68}},"39":{"start":{"line":84,"column":17},"end":{"line":84,"column":47}},"40":{"start":{"line":85,"column":4},"end":{"line":90,"column":5}},"41":{"start":{"line":86,"column":23},"end":{"line":86,"column":75}},"42":{"start":{"line":87,"column":21},"end":{"line":87,"column":42}},"43":{"start":{"line":88,"column":26},"end":{"line":88,"column":32}},"44":{"start":{"line":89,"column":6},"end":{"line":89,"column":46}},"45":{"start":{"line":91,"column":4},"end":{"line":91,"column":34}},"46":{"start":{"line":93,"column":2},"end":{"line":93,"column":21}}},"fnMap":{"0":{"name":"(anonymous_0)","decl":{"start":{"line":11,"column":32},"end":{"line":11,"column":33}},"loc":{"start":{"line":11,"column":44},"end":{"line":15,"column":1}},"line":11},"1":{"name":"(anonymous_1)","decl":{"start":{"line":12,"column":40},"end":{"line":12,"column":41}},"loc":{"start":{"line":12,"column":51},"end":{"line":12,"column":65}},"line":12},"2":{"name":"(anonymous_2)","decl":{"start":{"line":17,"column":19},"end":{"line":17,"column":20}},"loc":{"start":{"line":17,"column":42},"end":{"line":23,"column":2}},"line":17},"3":{"name":"(anonymous_3)","decl":{"start":{"line":25,"column":21},"end":{"line":25,"column":22}},"loc":{"start":{"line":25,"column":27},"end":{"line":38,"column":2}},"line":25},"4":{"name":"(anonymous_4)","decl":{"start":{"line":44,"column":25},"end":{"line":44,"column":26}},"loc":{"start":{"line":44,"column":37},"end":{"line":62,"column":1}},"line":44},"5":{"name":"(anonymous_5)","decl":{"start":{"line":64,"column":17},"end":{"line":64,"column":18}},"loc":{"start":{"line":64,"column":33},"end":{"line":74,"column":2}},"line":64},"6":{"name":"(anonymous_6)","decl":{"start":{"line":76,"column":30},"end":{"line":76,"column":31}},"loc":{"start":{"line":76,"column":42},"end":{"line":94,"column":1}},"line":76}},"branchMap":{"0":{"loc":{"start":{"line":27,"column":2},"end":{"line":37,"column":3}},"type":"if","locations":[{"start":{"line":27,"column":2},"end":{"line":37,"column":3}},{"start":{"line":34,"column":9},"end":{"line":37,"column":3}}],"line":27},"1":{"loc":{"start":{"line":27,"column":6},"end":{"line":27,"column":58}},"type":"binary-expr","locations":[{"start":{"line":27,"column":6},"end":{"line":27,"column":30}},{"start":{"line":27,"column":34},"end":{"line":27,"column":58}}],"line":27},"2":{"loc":{"start":{"line":45,"column":2},"end":{"line":47,"column":3}},"type":"if","locations":[{"start":{"line":45,"column":2},"end":{"line":47,"column":3}},{"start":{},"end":{}}],"line":45},"3":{"loc":{"start":{"line":53,"column":2},"end":{"line":61,"column":3}},"type":"if","locations":[{"start":{"line":53,"column":2},"end":{"line":61,"column":3}},{"start":{},"end":{}}],"line":53},"4":{"loc":{"start":{"line":58,"column":4},"end":{"line":60,"column":23}},"type":"if","locations":[{"start":{"line":58,"column":4},"end":{"line":60,"column":23}},{"start":{"line":60,"column":11},"end":{"line":60,"column":23}}],"line":58},"5":{"loc":{"start":{"line":70,"column":2},"end":{"line":70,"column":68}},"type":"binary-expr","locations":[{"start":{"line":70,"column":2},"end":{"line":70,"column":14}},{"start":{"line":70,"column":18},"end":{"line":70,"column":68}}],"line":70},"6":{"loc":{"start":{"line":79,"column":21},"end":{"line":79,"column":67}},"type":"binary-expr","locations":[{"start":{"line":79,"column":21},"end":{"line":79,"column":32}},{"start":{"line":79,"column":37},"end":{"line":79,"column":66}}],"line":79},"7":{"loc":{"start":{"line":81,"column":2},"end":{"line":92,"column":3}},"type":"if","locations":[{"start":{"line":81,"column":2},"end":{"line":92,"column":3}},{"start":{},"end":{}}],"line":81},"8":{"loc":{"start":{"line":81,"column":6},"end":{"line":81,"column":38}},"type":"binary-expr","locations":[{"start":{"line":81,"column":6},"end":{"line":81,"column":18}},{"start":{"line":81,"column":22},"end":{"line":81,"column":38}}],"line":81},"9":{"loc":{"start":{"line":85,"column":4},"end":{"line":90,"column":5}},"type":"if","locations":[{"start":{"line":85,"column":4},"end":{"line":90,"column":5}},{"start":{},"end":{}}],"line":85},"10":{"loc":{"start":{"line":91,"column":11},"end":{"line":91,"column":33}},"type":"binary-expr","locations":[{"start":{"line":91,"column":11},"end":{"line":91,"column":15}},{"start":{"line":91,"column":19},"end":{"line":91,"column":33}}],"line":91}},"s":{"0":4,"1":7,"2":357,"3":7,"4":7,"5":4,"6":0,"7":0,"8":0,"9":4,"10":0,"11":0,"12":0,"13":0,"14":0,"15":4,"16":14,"17":14,"18":0,"19":0,"20":0,"21":0,"22":0,"23":0,"24":0,"25":0,"26":0,"27":4,"28":0,"29":0,"30":0,"31":0,"32":0,"33":4,"34":0,"35":0,"36":0,"37":0,"38":0,"39":0,"40":0,"41":0,"42":0,"43":0,"44":0,"45":0,"46":0},"f":{"0":7,"1":357,"2":0,"3":0,"4":14,"5":0,"6":0},"b":{"0":[0,0],"1":[0,0],"2":[14,0],"3":[0,0],"4":[0,0],"5":[0,0],"6":[0,0],"7":[0,0],"8":[0,0],"9":[0,0],"10":[0,0]},"_coverageSchema":"1a1c01bbd47fc00a2c39e90264f33305004495a9","hash":"4bc9e777ac0f32b2dc5e2a00e1c4e1ed8aea3362"}
,"/Users/bhimashankar/Documents/meet-app/src/mock-data.js": {"path":"/Users/bhimashankar/Documents/meet-app/src/mock-data.js","statementMap":{"0":{"start":{"line":1,"column":17},"end":{"line":2381,"column":1}}},"fnMap":{},"branchMap":{},"s":{"0":4},"f":{},"b":{},"_coverageSchema":"1a1c01bbd47fc00a2c39e90264f33305004495a9","hash":"7488e7938930d43862a23cffd192b43be20419a5"}
,"/Users/bhimashankar/Documents/meet-app/src/components/CitySearch.jsx": {"path":"/Users/bhimashankar/Documents/meet-app/src/components/CitySearch.jsx","statementMap":{"0":{"start":{"line":4,"column":19},"end":{"line":54,"column":1}},"1":{"start":{"line":5,"column":48},"end":{"line":5,"column":63}},"2":{"start":{"line":6,"column":28},"end":{"line":6,"column":40}},"3":{"start":{"line":7,"column":40},"end":{"line":7,"column":52}},"4":{"start":{"line":9,"column":2},"end":{"line":11,"column":26}},"5":{"start":{"line":10,"column":4},"end":{"line":10,"column":33}},"6":{"start":{"line":13,"column":29},"end":{"line":22,"column":3}},"7":{"start":{"line":14,"column":18},"end":{"line":14,"column":36}},"8":{"start":{"line":15,"column":30},"end":{"line":17,"column":11}},"9":{"start":{"line":16,"column":6},"end":{"line":16,"column":70}},"10":{"start":{"line":20,"column":4},"end":{"line":20,"column":20}},"11":{"start":{"line":21,"column":4},"end":{"line":21,"column":38}},"12":{"start":{"line":24,"column":28},"end":{"line":29,"column":3}},"13":{"start":{"line":25,"column":18},"end":{"line":25,"column":42}},"14":{"start":{"line":26,"column":4},"end":{"line":26,"column":20}},"15":{"start":{"line":27,"column":4},"end":{"line":27,"column":30}},"16":{"start":{"line":28,"column":4},"end":{"line":28,"column":26}},"17":{"start":{"line":31,"column":2},"end":{"line":53,"column":2}},"18":{"start":{"line":38,"column":23},"end":{"line":38,"column":47}},"19":{"start":{"line":44,"column":12},"end":{"line":44,"column":85}}},"fnMap":{"0":{"name":"(anonymous_0)","decl":{"start":{"line":4,"column":19},"end":{"line":4,"column":20}},"loc":{"start":{"line":4,"column":57},"end":{"line":54,"column":1}},"line":4},"1":{"name":"(anonymous_1)","decl":{"start":{"line":9,"column":12},"end":{"line":9,"column":13}},"loc":{"start":{"line":9,"column":18},"end":{"line":11,"column":3}},"line":9},"2":{"name":"(anonymous_2)","decl":{"start":{"line":13,"column":29},"end":{"line":13,"column":30}},"loc":{"start":{"line":13,"column":40},"end":{"line":22,"column":3}},"line":13},"3":{"name":"(anonymous_3)","decl":{"start":{"line":15,"column":65},"end":{"line":15,"column":66}},"loc":{"start":{"line":15,"column":79},"end":{"line":17,"column":5}},"line":15},"4":{"name":"(anonymous_4)","decl":{"start":{"line":24,"column":28},"end":{"line":24,"column":29}},"loc":{"start":{"line":24,"column":39},"end":{"line":29,"column":3}},"line":24},"5":{"name":"(anonymous_5)","decl":{"start":{"line":38,"column":17},"end":{"line":38,"column":18}},"loc":{"start":{"line":38,"column":23},"end":{"line":38,"column":47}},"line":38},"6":{"name":"(anonymous_6)","decl":{"start":{"line":43,"column":27},"end":{"line":43,"column":28}},"loc":{"start":{"line":43,"column":43},"end":{"line":45,"column":11}},"line":43}},"branchMap":{"0":{"loc":{"start":{"line":15,"column":30},"end":{"line":17,"column":11}},"type":"cond-expr","locations":[{"start":{"line":15,"column":45},"end":{"line":17,"column":6}},{"start":{"line":17,"column":9},"end":{"line":17,"column":11}}],"line":15},"1":{"loc":{"start":{"line":41,"column":7},"end":{"line":50,"column":14}},"type":"cond-expr","locations":[{"start":{"line":42,"column":8},"end":{"line":49,"column":13}},{"start":{"line":50,"column":10},"end":{"line":50,"column":14}}],"line":41}},"s":{"0":3,"1":43,"2":43,"3":43,"4":43,"5":13,"6":43,"7":12,"8":12,"9":156,"10":12,"11":12,"12":43,"13":1,"14":1,"15":1,"16":1,"17":43,"18":4,"19":57},"f":{"0":43,"1":13,"2":12,"3":156,"4":1,"5":4,"6":57},"b":{"0":[12,0],"1":[17,26]},"_coverageSchema":"1a1c01bbd47fc00a2c39e90264f33305004495a9","hash":"3d9c80c28b6c8485ac3616963441156b066af65b"}
,"/Users/bhimashankar/Documents/meet-app/src/components/Event.jsx": {"path":"/Users/bhimashankar/Documents/meet-app/src/components/Event.jsx","statementMap":{"0":{"start":{"line":3,"column":14},"end":{"line":23,"column":1}},"1":{"start":{"line":4,"column":39},"end":{"line":4,"column":54}},"2":{"start":{"line":5,"column":1},"end":{"line":22,"column":3}},"3":{"start":{"line":16,"column":5},"end":{"line":16,"column":64}}},"fnMap":{"0":{"name":"(anonymous_0)","decl":{"start":{"line":3,"column":14},"end":{"line":3,"column":15}},"loc":{"start":{"line":3,"column":29},"end":{"line":23,"column":1}},"line":3},"1":{"name":"(anonymous_1)","decl":{"start":{"line":15,"column":13},"end":{"line":15,"column":14}},"loc":{"start":{"line":15,"column":19},"end":{"line":17,"column":5}},"line":15}},"branchMap":{"0":{"loc":{"start":{"line":7,"column":8},"end":{"line":7,"column":30}},"type":"binary-expr","locations":[{"start":{"line":7,"column":8},"end":{"line":7,"column":13}},{"start":{"line":7,"column":17},"end":{"line":7,"column":30}}],"line":7},"1":{"loc":{"start":{"line":8,"column":7},"end":{"line":8,"column":30}},"type":"binary-expr","locations":[{"start":{"line":8,"column":7},"end":{"line":8,"column":12}},{"start":{"line":8,"column":16},"end":{"line":8,"column":30}}],"line":8},"2":{"loc":{"start":{"line":9,"column":7},"end":{"line":9,"column":53}},"type":"binary-expr","locations":[{"start":{"line":9,"column":7},"end":{"line":9,"column":12}},{"start":{"line":9,"column":16},"end":{"line":9,"column":53}}],"line":9},"3":{"loc":{"start":{"line":10,"column":4},"end":{"line":12,"column":11}},"type":"cond-expr","locations":[{"start":{"line":11,"column":4},"end":{"line":11,"column":59}},{"start":{"line":12,"column":7},"end":{"line":12,"column":11}}],"line":10},"4":{"loc":{"start":{"line":11,"column":28},"end":{"line":11,"column":54}},"type":"binary-expr","locations":[{"start":{"line":11,"column":28},"end":{"line":11,"column":33}},{"start":{"line":11,"column":37},"end":{"line":11,"column":54}}],"line":11},"5":{"loc":{"start":{"line":16,"column":5},"end":{"line":16,"column":63}},"type":"cond-expr","locations":[{"start":{"line":16,"column":19},"end":{"line":16,"column":40}},{"start":{"line":16,"column":43},"end":{"line":16,"column":63}}],"line":16},"6":{"loc":{"start":{"line":19,"column":5},"end":{"line":19,"column":50}},"type":"cond-expr","locations":[{"start":{"line":19,"column":19},"end":{"line":19,"column":33}},{"start":{"line":19,"column":36},"end":{"line":19,"column":50}}],"line":19}},"s":{"0":4,"1":124,"2":124,"3":3},"f":{"0":124,"1":3},"b":{"0":[124,124],"1":[124,124],"2":[124,124],"3":[2,122],"4":[2,2],"5":[1,2],"6":[2,122]},"_coverageSchema":"1a1c01bbd47fc00a2c39e90264f33305004495a9","hash":"31f65afd69c5b530cb027af32882aa75d949d842"}
,"/Users/bhimashankar/Documents/meet-app/src/components/EventList.jsx": {"path":"/Users/bhimashankar/Documents/meet-app/src/components/EventList.jsx","statementMap":{"0":{"start":{"line":5,"column":18},"end":{"line":11,"column":1}},"1":{"start":{"line":6,"column":2},"end":{"line":10,"column":4}},"2":{"start":{"line":8,"column":34},"end":{"line":8,"column":72}}},"fnMap":{"0":{"name":"(anonymous_0)","decl":{"start":{"line":5,"column":18},"end":{"line":5,"column":19}},"loc":{"start":{"line":5,"column":34},"end":{"line":11,"column":1}},"line":5},"1":{"name":"(anonymous_1)","decl":{"start":{"line":8,"column":25},"end":{"line":8,"column":26}},"loc":{"start":{"line":8,"column":34},"end":{"line":8,"column":72}},"line":8}},"branchMap":{"0":{"loc":{"start":{"line":8,"column":6},"end":{"line":8,"column":79}},"type":"cond-expr","locations":[{"start":{"line":8,"column":14},"end":{"line":8,"column":73}},{"start":{"line":8,"column":75},"end":{"line":8,"column":79}}],"line":8}},"s":{"0":4,"1":9,"2":115},"f":{"0":9,"1":115},"b":{"0":[7,2]},"_coverageSchema":"1a1c01bbd47fc00a2c39e90264f33305004495a9","hash":"c659e1e14de933329c3a7163f6527975a8b321a1"}
,"/Users/bhimashankar/Documents/meet-app/src/components/NumberOfEvents.jsx": {"path":"/Users/bhimashankar/Documents/meet-app/src/components/NumberOfEvents.jsx","statementMap":{"0":{"start":{"line":3,"column":23},"end":{"line":23,"column":1}},"1":{"start":{"line":4,"column":30},"end":{"line":4,"column":42}},"2":{"start":{"line":6,"column":29},"end":{"line":10,"column":3}},"3":{"start":{"line":7,"column":18},"end":{"line":7,"column":36}},"4":{"start":{"line":8,"column":4},"end":{"line":8,"column":21}},"5":{"start":{"line":9,"column":4},"end":{"line":9,"column":25}},"6":{"start":{"line":12,"column":2},"end":{"line":22,"column":4}}},"fnMap":{"0":{"name":"(anonymous_0)","decl":{"start":{"line":3,"column":23},"end":{"line":3,"column":24}},"loc":{"start":{"line":3,"column":46},"end":{"line":23,"column":1}},"line":3},"1":{"name":"(anonymous_1)","decl":{"start":{"line":6,"column":29},"end":{"line":6,"column":30}},"loc":{"start":{"line":6,"column":40},"end":{"line":10,"column":3}},"line":6}},"branchMap":{},"s":{"0":4,"1":9,"2":9,"3":1,"4":1,"5":1,"6":9},"f":{"0":9,"1":1},"b":{},"_coverageSchema":"1a1c01bbd47fc00a2c39e90264f33305004495a9","hash":"9ca362941f5f7e0dace844f4ad748fd55b749fa6"}
}
