TN:
SF:src/App.jsx
FN:8,(anonymous_0)
FN:15,(anonymous_1)
FN:19,(anonymous_2)
FN:23,(anonymous_3)
FNF:4
FNH:3
FNDA:7,(anonymous_0)
FNDA:4,(anonymous_1)
FNDA:4,(anonymous_2)
FNDA:0,(anonymous_3)
DA:8,3
DA:9,7
DA:10,6
DA:11,6
DA:12,6
DA:13,6
DA:15,6
DA:16,4
DA:19,6
DA:20,4
DA:21,4
DA:23,0
DA:24,4
DA:25,4
DA:28,6
LF:15
LH:14
BRDA:21,0,0,4
BRDA:21,0,1,0
BRF:2
BRH:1
end_of_record
TN:
SF:src/api.js
FN:11,(anonymous_0)
FN:12,(anonymous_1)
FN:17,(anonymous_2)
FN:25,(anonymous_3)
FN:44,(anonymous_4)
FN:64,(anonymous_5)
FN:76,(anonymous_6)
FNF:7
FNH:3
FNDA:7,(anonymous_0)
FNDA:357,(anonymous_1)
FNDA:0,(anonymous_2)
FNDA:0,(anonymous_3)
FNDA:14,(anonymous_4)
FNDA:0,(anonymous_5)
FNDA:0,(anonymous_6)
DA:11,4
DA:12,357
DA:13,7
DA:14,7
DA:17,4
DA:18,0
DA:21,0
DA:22,0
DA:25,4
DA:27,0
DA:28,0
DA:33,0
DA:35,0
DA:36,0
DA:44,4
DA:45,14
DA:46,14
DA:50,0
DA:53,0
DA:54,0
DA:55,0
DA:56,0
DA:57,0
DA:58,0
DA:59,0
DA:60,0
DA:64,4
DA:65,0
DA:66,0
DA:69,0
DA:70,0
DA:73,0
DA:76,4
DA:77,0
DA:79,0
DA:81,0
DA:82,0
DA:83,0
DA:84,0
DA:85,0
DA:86,0
DA:87,0
DA:88,0
DA:89,0
DA:91,0
DA:93,0
LF:46
LH:11
BRDA:27,0,0,0
BRDA:27,0,1,0
BRDA:27,1,0,0
BRDA:27,1,1,0
BRDA:45,2,0,14
BRDA:45,2,1,0
BRDA:53,3,0,0
BRDA:53,3,1,0
BRDA:58,4,0,0
BRDA:58,4,1,0
BRDA:70,5,0,0
BRDA:70,5,1,0
BRDA:79,6,0,0
BRDA:79,6,1,0
BRDA:81,7,0,0
BRDA:81,7,1,0
BRDA:81,8,0,0
BRDA:81,8,1,0
BRDA:85,9,0,0
BRDA:85,9,1,0
BRDA:91,10,0,0
BRDA:91,10,1,0
BRF:22
BRH:1
end_of_record
TN:
SF:src/mock-data.js
FNF:0
FNH:0
DA:1,4
LF:1
LH:1
BRF:0
BRH:0
end_of_record
TN:
SF:src/components/CitySearch.jsx
FN:4,(anonymous_0)
FN:9,(anonymous_1)
FN:13,(anonymous_2)
FN:15,(anonymous_3)
FN:24,(anonymous_4)
FN:38,(anonymous_5)
FN:43,(anonymous_6)
FNF:7
FNH:7
FNDA:43,(anonymous_0)
FNDA:13,(anonymous_1)
FNDA:12,(anonymous_2)
FNDA:156,(anonymous_3)
FNDA:1,(anonymous_4)
FNDA:4,(anonymous_5)
FNDA:57,(anonymous_6)
DA:4,3
DA:5,43
DA:6,43
DA:7,43
DA:9,43
DA:10,13
DA:13,43
DA:14,12
DA:15,12
DA:16,156
DA:20,12
DA:21,12
DA:24,43
DA:25,1
DA:26,1
DA:27,1
DA:28,1
DA:31,43
DA:38,4
DA:44,57
LF:20
LH:20
BRDA:15,0,0,12
BRDA:15,0,1,0
BRDA:41,1,0,17
BRDA:41,1,1,26
BRF:4
BRH:3
end_of_record
TN:
SF:src/components/Event.jsx
FN:3,(anonymous_0)
FN:15,(anonymous_1)
FNF:2
FNH:2
FNDA:124,(anonymous_0)
FNDA:3,(anonymous_1)
DA:3,4
DA:4,124
DA:5,124
DA:16,3
LF:4
LH:4
BRDA:7,0,0,124
BRDA:7,0,1,124
BRDA:8,1,0,124
BRDA:8,1,1,124
BRDA:9,2,0,124
BRDA:9,2,1,124
BRDA:10,3,0,2
BRDA:10,3,1,122
BRDA:11,4,0,2
BRDA:11,4,1,2
BRDA:16,5,0,1
BRDA:16,5,1,2
BRDA:19,6,0,2
BRDA:19,6,1,122
BRF:14
BRH:14
end_of_record
TN:
SF:src/components/EventList.jsx
FN:5,(anonymous_0)
FN:8,(anonymous_1)
FNF:2
FNH:2
FNDA:9,(anonymous_0)
FNDA:115,(anonymous_1)
DA:5,4
DA:6,9
DA:8,115
LF:3
LH:3
BRDA:8,0,0,7
BRDA:8,0,1,2
BRF:2
BRH:2
end_of_record
TN:
SF:src/components/NumberOfEvents.jsx
FN:3,(anonymous_0)
FN:6,(anonymous_1)
FNF:2
FNH:2
FNDA:9,(anonymous_0)
FNDA:1,(anonymous_1)
DA:3,4
DA:4,9
DA:6,9
DA:7,1
DA:8,1
DA:9,1
DA:12,9
LF:7
LH:7
BRF:0
BRH:0
end_of_record
