TN:
SF:src/App.jsx
FN:6,(anonymous_0)
FNF:1
FNH:1
FNDA:2,(anonymous_0)
DA:6,1
DA:7,2
LF:2
LH:2
BRF:0
BRH:0
end_of_record
TN:
SF:src/api.js
FN:12,(anonymous_0)
FN:13,(anonymous_1)
FN:23,(anonymous_2)
FNF:3
FNH:3
FNDA:2,(anonymous_0)
FNDA:102,(anonymous_1)
FNDA:9,(anonymous_2)
DA:12,3
DA:13,102
DA:14,2
DA:15,2
DA:23,3
DA:24,9
LF:6
LH:6
BRF:0
BRH:0
end_of_record
TN:
SF:src/mock-data.js
FNF:0
FNH:0
DA:1,3
LF:1
LH:1
BRF:0
BRH:0
end_of_record
TN:
SF:src/components/CitySearch.jsx
FN:4,(anonymous_0)
FN:9,(anonymous_1)
FN:11,(anonymous_2)
FN:20,(anonymous_3)
FN:33,(anonymous_4)
FN:38,(anonymous_5)
FNF:6
FNH:6
FNDA:25,(anonymous_0)
FNDA:12,(anonymous_1)
FNDA:156,(anonymous_2)
FNDA:1,(anonymous_3)
FNDA:3,(anonymous_4)
FNDA:18,(anonymous_5)
DA:4,2
DA:5,25
DA:6,25
DA:7,25
DA:9,25
DA:10,12
DA:11,12
DA:12,156
DA:16,12
DA:17,12
DA:20,25
DA:21,1
DA:22,1
DA:23,1
DA:26,25
DA:33,3
DA:39,18
LF:17
LH:17
BRDA:11,0,0,12
BRDA:11,0,1,0
BRDA:36,1,0,15
BRDA:36,1,1,10
BRF:4
BRH:3
end_of_record
TN:
SF:src/components/Event.jsx
FN:3,(anonymous_0)
FN:15,(anonymous_1)
FNF:2
FNH:2
FNDA:60,(anonymous_0)
FNDA:3,(anonymous_1)
DA:3,3
DA:4,60
DA:5,60
DA:16,3
LF:4
LH:4
BRDA:7,0,0,60
BRDA:7,0,1,60
BRDA:8,1,0,60
BRDA:8,1,1,60
BRDA:9,2,0,60
BRDA:9,2,1,60
BRDA:10,3,0,2
BRDA:10,3,1,58
BRDA:11,4,0,2
BRDA:11,4,1,2
BRDA:16,5,0,1
BRDA:16,5,1,2
BRDA:19,6,0,2
BRDA:19,6,1,58
BRF:14
BRH:14
end_of_record
TN:
SF:src/components/EventList.jsx
FN:5,(anonymous_0)
FN:8,(anonymous_1)
FNF:2
FNH:2
FNDA:5,(anonymous_0)
FNDA:51,(anonymous_1)
DA:5,2
DA:6,5
DA:8,51
LF:3
LH:3
BRDA:8,0,0,1
BRDA:8,0,1,4
BRF:2
BRH:2
end_of_record
